Starting server with Config HP="127.0.0.1:3307"|T="28800000"|R="false"|L="info"
time="2026-03-03T18:30:16-05:00" level=info msg="Creating root@localhost superuser"
time="2026-03-03T18:30:16-05:00" level=info msg="Server ready. Accepting connections."
time="2026-03-03T18:30:16-05:00" level=warning msg="secure_file_priv is set to \"\", which is insecure."
time="2026-03-03T18:30:16-05:00" level=warning msg="Any user with GRANT FILE privileges will be able to read any file which the sql-server process can read."
time="2026-03-03T18:30:16-05:00" level=warning msg="Please consider restarting the server with secure_file_priv set to a safe (or non-existent) directory."
time="2026-03-03T18:30:17-05:00" level=info msg=NewConnection DisableClientMultiStatements=false connectionID=1
time="2026-03-03T18:30:17-05:00" level=info msg=ConnectionClosed connectionID=1
time="2026-03-03T18:30:17-05:00" level=info msg=NewConnection DisableClientMultiStatements=false connectionID=2
time="2026-03-03T18:30:17-05:00" level=info msg=ConnectionClosed connectionID=2
time="2026-03-03T18:30:17-05:00" level=info msg=NewConnection DisableClientMultiStatements=false connectionID=3
time="2026-03-03T18:30:17-05:00" level=info msg=NewConnection DisableClientMultiStatements=false connectionID=4
time="2026-03-03T18:30:17-05:00" level=info msg=ConnectionClosed connectionID=3
time="2026-03-03T18:30:17-05:00" level=warning msg="error running query" connectTime="2026-03-03 18:30:17.162602 -0500 EST m=+0.557920084" connectionDb=gh_action_security_audit connectionID=4 error="table not found: config" queryTime="2026-03-03 18:30:17.163345 -0500 EST m=+0.558663501"
time="2026-03-03T18:30:17-05:00" level=warning msg="error running query" connectTime="2026-03-03 18:30:17.162602 -0500 EST m=+0.557920084" connectionDb=gh_action_security_audit connectionID=4 error="Duplicate key name 'idx_issues_issue_type'" queryTime="2026-03-03 18:30:17.265303 -0500 EST m=+0.660620001"
time="2026-03-03T18:30:17-05:00" level=warning msg="error running query" connectTime="2026-03-03 18:30:17.162602 -0500 EST m=+0.557920084" connectionDb=gh_action_security_audit connectionID=4 error="foreign key `fk_dep_depends_on` was not found on the table `dependencies`" queryTime="2026-03-03 18:30:17.265651 -0500 EST m=+0.660968293"
time="2026-03-03T18:30:17-05:00" level=info msg=ConnectionClosed connectionID=4
time="2026-03-03T18:30:18-05:00" level=info msg=NewConnection DisableClientMultiStatements=false connectionID=5
time="2026-03-03T18:30:18-05:00" level=info msg=ConnectionClosed connectionID=5
time="2026-03-03T18:30:18-05:00" level=info msg=NewConnection DisableClientMultiStatements=false connectionID=6
time="2026-03-03T18:30:18-05:00" level=info msg=NewConnection DisableClientMultiStatements=false connectionID=7
time="2026-03-03T18:30:18-05:00" level=info msg=ConnectionClosed connectionID=6
time="2026-03-03T18:30:18-05:00" level=info msg=ConnectionClosed connectionID=7
time="2026-03-03T18:30:18-05:00" level=info msg=NewConnection DisableClientMultiStatements=false connectionID=8
time="2026-03-03T18:30:18-05:00" level=info msg=ConnectionClosed connectionID=8
time="2026-03-03T18:30:18-05:00" level=info msg=NewConnection DisableClientMultiStatements=false connectionID=9
time="2026-03-03T18:30:18-05:00" level=info msg=NewConnection DisableClientMultiStatements=false connectionID=10
time="2026-03-03T18:30:18-05:00" level=info msg=ConnectionClosed connectionID=9
time="2026-03-03T18:30:18-05:00" level=info msg=ConnectionClosed connectionID=10
time="2026-03-03T18:30:18-05:00" level=info msg=NewConnection DisableClientMultiStatements=false connectionID=11
time="2026-03-03T18:30:18-05:00" level=info msg=ConnectionClosed connectionID=11
time="2026-03-03T18:30:18-05:00" level=info msg=NewConnection DisableClientMultiStatements=false connectionID=12
time="2026-03-03T18:30:18-05:00" level=info msg=NewConnection DisableClientMultiStatements=false connectionID=13
time="2026-03-03T18:30:18-05:00" level=info msg=ConnectionClosed connectionID=12
time="2026-03-03T18:30:18-05:00" level=info msg=ConnectionClosed connectionID=13
time="2026-03-03T18:30:18-05:00" level=info msg=NewConnection DisableClientMultiStatements=false connectionID=14
time="2026-03-03T18:30:18-05:00" level=info msg=ConnectionClosed connectionID=14
time="2026-03-03T18:30:18-05:00" level=info msg=NewConnection DisableClientMultiStatements=false connectionID=15
time="2026-03-03T18:30:18-05:00" level=info msg=ConnectionClosed connectionID=15
time="2026-03-03T18:31:04-05:00" level=info msg=NewConnection DisableClientMultiStatements=false connectionID=16
time="2026-03-03T18:31:04-05:00" level=info msg=ConnectionClosed connectionID=16
time="2026-03-03T18:31:04-05:00" level=info msg=NewConnection DisableClientMultiStatements=false connectionID=17
time="2026-03-03T18:31:04-05:00" level=info msg=NewConnection DisableClientMultiStatements=false connectionID=18
time="2026-03-03T18:31:04-05:00" level=info msg=ConnectionClosed connectionID=17
time="2026-03-03T18:31:14-05:00" level=info msg=ConnectionClosed connectionID=18
time="2026-03-03T18:31:36-05:00" level=info msg=NewConnection DisableClientMultiStatements=false connectionID=19
time="2026-03-03T18:31:36-05:00" level=info msg=ConnectionClosed connectionID=19
time="2026-03-03T18:31:36-05:00" level=info msg=NewConnection DisableClientMultiStatements=false connectionID=20
time="2026-03-03T18:31:36-05:00" level=info msg=NewConnection DisableClientMultiStatements=false connectionID=21
time="2026-03-03T18:31:36-05:00" level=info msg=ConnectionClosed connectionID=20
time="2026-03-03T18:31:36-05:00" level=warning msg="error running query" connectTime="2026-03-03 18:31:36.307576 -0500 EST m=+79.702445918" connectionDb=gh_action_security_audit connectionID=21 error="nothing to commit" queryTime="2026-03-03 18:31:36.314788 -0500 EST m=+79.709657251"
time="2026-03-03T18:31:36-05:00" level=info msg=ConnectionClosed connectionID=21
time="2026-03-03T18:37:42-05:00" level=info msg="Server closing listener. No longer accepting connections."
time="2026-03-03T18:37:42-05:00" level=info msg="stats stopped: context canceled"
Starting server with Config HP="127.0.0.1:3307"|T="28800000"|R="false"|L="info"
time="2026-03-03T18:38:17-05:00" level=info msg="Server ready. Accepting connections."
time="2026-03-03T18:38:17-05:00" level=warning msg="secure_file_priv is set to \"\", which is insecure."
time="2026-03-03T18:38:17-05:00" level=warning msg="Any user with GRANT FILE privileges will be able to read any file which the sql-server process can read."
time="2026-03-03T18:38:17-05:00" level=warning msg="Please consider restarting the server with secure_file_priv set to a safe (or non-existent) directory."
time="2026-03-03T18:38:18-05:00" level=info msg=NewConnection DisableClientMultiStatements=false connectionID=1
time="2026-03-03T18:38:18-05:00" level=info msg=ConnectionClosed connectionID=1
time="2026-03-03T18:41:58-05:00" level=info msg="Server closing listener. No longer accepting connections."
time="2026-03-03T18:41:58-05:00" level=info msg="stats stopped: context canceled"
Starting server with Config HP="127.0.0.1:13395"|T="28800000"|R="false"|L="info"
time="2026-03-03T18:42:18-05:00" level=info msg="Server ready. Accepting connections."
time="2026-03-03T18:42:18-05:00" level=warning msg="secure_file_priv is set to \"\", which is insecure."
time="2026-03-03T18:42:18-05:00" level=warning msg="Any user with GRANT FILE privileges will be able to read any file which the sql-server process can read."
time="2026-03-03T18:42:18-05:00" level=warning msg="Please consider restarting the server with secure_file_priv set to a safe (or non-existent) directory."
time="2026-03-03T18:42:19-05:00" level=info msg=NewConnection DisableClientMultiStatements=false connectionID=1
time="2026-03-03T18:42:19-05:00" level=info msg=ConnectionClosed connectionID=1
time="2026-03-03T19:12:21-05:00" level=info msg=NewConnection DisableClientMultiStatements=false connectionID=2
time="2026-03-03T19:12:21-05:00" level=info msg=ConnectionClosed connectionID=2
time="2026-03-03T19:12:21-05:00" level=info msg="Server closing listener. No longer accepting connections."
time="2026-03-03T19:12:21-05:00" level=info msg="stats stopped: context canceled"
